{
  "stats": {
    "suites": 1,
    "tests": 11,
    "passes": 11,
    "pending": 0,
    "failures": 0,
    "start": "2021-06-11T03:00:58.947Z",
    "end": "2021-06-11T03:01:52.049Z",
    "duration": 52043,
    "testsRegistered": 11,
    "passPercent": 100,
    "pendingPercent": 0,
    "other": 0,
    "hasOther": false,
    "skipped": 0,
    "hasSkipped": false
  },
  "results": [
    {
      "uuid": "7f1e0332-54ce-4aab-bdf4-8b7cd6aa29b5",
      "title": "",
      "fullFile": "cypress/integration/first-test.spec.js",
      "file": "cypress/integration/first-test.spec.js",
      "beforeHooks": [],
      "afterHooks": [],
      "tests": [
        {
          "title": "tooltip",
          "fullTitle": "tooltip",
          "timedOut": null,
          "duration": 6584,
          "state": "passed",
          "speed": "slow",
          "pass": true,
          "fail": false,
          "pending": false,
          "context": null,
          "code": "cy.visit(\"/\");\ncy.contains(\"Modal & Overlays\").click();\ncy.contains(\"Tooltip\").click();\ncy.contains(\"nb-card\", \"Colored Tooltips\").contains(\"Default\").click();\ncy.get(\"nb-tooltip\").should(\"contain\", \"This is a tooltip\");",
          "err": {},
          "uuid": "c467ca53-bbb7-4dce-b0d0-a2b0e68b7142",
          "parentUUID": "7f1e0332-54ce-4aab-bdf4-8b7cd6aa29b5",
          "isHook": false,
          "skipped": false
        },
        {
          "title": "Alert",
          "fullTitle": "Alert",
          "timedOut": null,
          "duration": 3988,
          "state": "passed",
          "speed": "slow",
          "pass": true,
          "fail": false,
          "pending": false,
          "context": null,
          "code": "cy.visit(\"/\");\ncy.contains(\"Tables & Data\").click();\ncy.contains(\"Smart Table\").click(); // 3 - cancel\ncy.get(\"tbody tr\").first().find(\".nb-trash\").click();\ncy.on(\"window:confirm\", () => false); // //1- accept\n// cy.get(\"tbody tr\").eq(1).find(\".nb-trash\").click();\n// cy.on(\"window:confirm\", (confirm) => {\n//   expect(confirm).to.equal(\"Are you sure you want to delete?\");\n// });\n// // 2 - accept\n// const stub = cy.stub();\n// cy.on(\"window:confirm\", (confirm) => {\n//   cy.get(\"tbody tr\")\n//     .first()\n//     .find(\".nb-trash\")\n//     .click()\n//     .then(() => {\n//       expect(stub.getCall(0)).to.be.calledWith(\n//         \"Are you sure you want to delete?\"\n//       );\n//     });\n// });",
          "err": {},
          "uuid": "8db717d5-e862-46ec-982f-09a91b5ee7c6",
          "parentUUID": "7f1e0332-54ce-4aab-bdf4-8b7cd6aa29b5",
          "isHook": false,
          "skipped": false
        }
      ],
      "suites": [
        {
          "uuid": "3e79b13f-3ae5-488d-bd14-7c246ffc1f34",
          "title": "Selector tests",
          "fullFile": "",
          "file": "",
          "beforeHooks": [],
          "afterHooks": [],
          "tests": [
            {
              "title": "Selector selection",
              "fullTitle": "Selector tests Selector selection",
              "timedOut": null,
              "duration": 3559,
              "state": "passed",
              "speed": "slow",
              "pass": true,
              "fail": false,
              "pending": false,
              "context": null,
              "code": "cy.visit(\"/\");\ncy.contains(\"Forms\").click();\ncy.contains(\"Form Layouts\").click(); // Search by tag\ncy.get(\"input\"); // by id\ncy.get(\"#inputEmail1\"); // by class name\ncy.get(\".input-full-width\"); // by Attribute name\ncy.get(\"[placeholder]\"); // by Attribute name and value\ncy.get('[placeholder=\"Email\"]'); // by class value\ncy.get('[class=\"input-full-width size-medium shape-rectangle\"]'); //by tag name and Attribute with value\ncy.get('input[placeholder=\"Email\"]'); // by two different attribute\ncy.get('[placeholder=\"Email\"]#inputEmail1.input-full-width'); // by tag name, attribute with value id and class name\ncy.get('input[placeholder=\"Email\"]#inputEmail1.input-full-width'); // The most recommended way by cypress\n//cy.get('[data-cy=\"inputEmail\"]')",
              "err": {},
              "uuid": "c5ba461b-1b1b-45e1-9dfd-1edca00bb263",
              "parentUUID": "3e79b13f-3ae5-488d-bd14-7c246ffc1f34",
              "isHook": false,
              "skipped": false
            },
            {
              "title": "second test",
              "fullTitle": "Selector tests second test",
              "timedOut": null,
              "duration": 3558,
              "state": "passed",
              "speed": "slow",
              "pass": true,
              "fail": false,
              "pending": false,
              "context": null,
              "code": "cy.visit(\"/\");\ncy.contains(\"Forms\").click();\ncy.contains(\"Form Layouts\").click(); //cy.get('[data-cy=\"signInButton\"]')\ncy.contains('[status=\"warning\"]', \"Sign in\"); //Travel to the dom -- Parents and child\ncy.get(\"#inputEmail3\").parents(\"form\").find(\"button\").should(\"contain\", \"Sign in\").parents(\"form\").find(\"nb-checkbox\").click();\ncy.contains(\"nb-card\", \"Horizontal form\").find('[type=\"email\"]');",
              "err": {},
              "uuid": "edd3810a-3b12-499b-ae89-3e36a6402060",
              "parentUUID": "3e79b13f-3ae5-488d-bd14-7c246ffc1f34",
              "isHook": false,
              "skipped": false
            },
            {
              "title": "then and wrap methods",
              "fullTitle": "Selector tests then and wrap methods",
              "timedOut": null,
              "duration": 3053,
              "state": "passed",
              "speed": "slow",
              "pass": true,
              "fail": false,
              "pending": false,
              "context": null,
              "code": "cy.visit(\"/\");\ncy.contains(\"Forms\").click();\ncy.contains(\"Form Layouts\").click(); // find label\n// cy.contains(\"nb-card\", \"Using the Grid\")\n//   .find('[for=\"inputEmail1\"]')\n//   .should(\"contain\", \"Email\");\n// cy.contains(\"nb-card\", \"Using the Grid\")\n//   .find('[for=\"inputPassword2\"]')\n//   .should(\"contain\", \"Password\");\n// cy.contains(\"nb-card\", \"Basic form\")\n//   .find('[for=\"exampleInputEmail1\"]')\n//   .should(\"contain\", \"Email address\");\n// cy.contains(\"nb-card\", \"Basic form\")\n//   .find('[for=\"exampleInputPassword1\"]')\n//   .should(\"contain\", \"Password\");\n// Selenium\n// const firstForm = cy.contains(\"nb-card\", \"Using the Grid\");\n// const secondForm = cy.contains(\"nb-card\", \"Basic form\");\n// firstForm.find('[for=\"inputEmail1\"]').should(\"contain\", \"Email\");\n// firstForm.find('[for=\"inputPassword2\"]').should(\"contain\", \"Password\");\n// secondForm\n//   .find('[for=\"exampleInputPassword1\"]')\n//   .should(\"contain\", \"Password\");\n// cypress style\ncy.contains(\"nb-card\", \"Using the Grid\").then(firstForm => {\n  const emailLabelFirst = firstForm.find('[for=\"inputEmail1\"]').text();\n  const passwordLabelFirst = firstForm.find('[for=\"inputPassword2\"]').text();\n  expect(emailLabelFirst).to.equal(\"Email\");\n  expect(passwordLabelFirst).to.equal(\"Password\");\n  cy.contains(\"nb-card\", \"Basic form\").then(secondForm => {\n    const emailLabelSecond = secondForm.find('[for=\"exampleInputEmail1\"]').text();\n    const passwordLabelSecond = secondForm.find('[for=\"exampleInputPassword1\"]').text();\n    expect(passwordLabelFirst).to.equal(passwordLabelSecond);\n    cy.wrap(secondForm).find('[for=\"exampleInputEmail1\"]').should(\"contain\", \"Email address\");\n  });\n});",
              "err": {},
              "uuid": "b21e8750-47c6-4d94-a4d3-c75b134b2930",
              "parentUUID": "3e79b13f-3ae5-488d-bd14-7c246ffc1f34",
              "isHook": false,
              "skipped": false
            },
            {
              "title": "Invoke command",
              "fullTitle": "Selector tests Invoke command",
              "timedOut": null,
              "duration": 3132,
              "state": "passed",
              "speed": "slow",
              "pass": true,
              "fail": false,
              "pending": false,
              "context": null,
              "code": "cy.visit(\"/\");\ncy.contains(\"Form\").click();\ncy.contains(\"Form Layouts\").click(); //1\ncy.get(\"[for=exampleInputEmail1\").should(\"contain\", \"Email address\").should(\"have.class\", \"label\").and(\"have.text\", \"Email address\"); // 2\ncy.get('[for=\"exampleInputEmail1\"]').then(lable => {\n  expect(lable.text()).to.equal(\"Email address\");\n  expect(lable).to.have.class(\"label\");\n  expect(lable).to.have.text(\"Email address\"); // 3\n  cy.get('[for=\"exampleInputEmail1\"]').invoke(\"text\").then(text => {\n    expect(text).to.equal(\"Email address\");\n  });\n  cy.contains(\"nb-card\", \"Basic form\").find(\"nb-checkbox\").click().find(\".custom-checkbox\").invoke(\"attr\", \"class\") //.should(\"contain\", \"checked\");\n  .then(classValue => {\n    expect(classValue).to.contain(\"checked\");\n  });\n});",
              "err": {},
              "uuid": "22ec53a8-1011-419f-82ab-f148beaf64c6",
              "parentUUID": "3e79b13f-3ae5-488d-bd14-7c246ffc1f34",
              "isHook": false,
              "skipped": false
            },
            {
              "title": "assert property",
              "fullTitle": "Selector tests assert property",
              "timedOut": null,
              "duration": 4227,
              "state": "passed",
              "speed": "slow",
              "pass": true,
              "fail": false,
              "pending": false,
              "context": null,
              "code": "cy.visit(\"/\");\ncy.contains(\"Form\").click();\ncy.contains(\"Datepicker\").click();\nlet date = new Date();\ndate.setDate(date.getDate() + 5);\nlet futureDay = date.getDate();\nlet futureMonth = date.toLocaleDateString(\"default\", {\n  month: \"short\"\n});\ncy.contains(\"nb-card\", \"Common Datepicker\").find(\"input\").then(input => {\n  cy.wrap(input).click();\n  cy.get(\"nb-calendar-navigation\").invoke(\"attr\", \"ng-reflect-date\").then(dateAttribute => {\n    if (!dateAttribute.includes(futureMonth)) {\n      cy.get('[data-name=\"chevron-righ\"]').click();\n      cy.get('nb-calendar-day-picker [class=\"day-cell ng-star-inserted\"]').contains(futureDay).click();\n    } else {\n      cy.get('nb-calendar-day-picker [class=\"day-cell ng-star-inserted\"]').contains(futureDay).click();\n    }\n  }); // cy.get(\"nb-calendar-day-picker\").contains(\"17\").click();\n  // cy.wrap(input)\n  //   .invoke(\"prop\", \"value\")\n  //   .should(\"contain\", \"May 17, 2021\");\n});",
              "err": {},
              "uuid": "aea2bb9f-d495-4646-afcb-45b5f890c6f2",
              "parentUUID": "3e79b13f-3ae5-488d-bd14-7c246ffc1f34",
              "isHook": false,
              "skipped": false
            },
            {
              "title": "radio button",
              "fullTitle": "Selector tests radio button",
              "timedOut": null,
              "duration": 3710,
              "state": "passed",
              "speed": "slow",
              "pass": true,
              "fail": false,
              "pending": false,
              "context": null,
              "code": "cy.visit(\"/\");\ncy.contains(\"Forms\").click();\ncy.contains(\"Form Layout\").click();\ncy.contains(\"nb-card\", \"Using the Grid\").find('[type=\"radio\"]').then(radioButtons => {\n  cy.wrap(radioButtons).first().check({\n    force: true\n  }).should(\"be.checked\");\n  cy.wrap(radioButtons).eq(1).check({\n    force: true\n  });\n  cy.wrap(radioButtons).eq(0).should(\"not.be.checked\");\n  cy.wrap(radioButtons).eq(2).should(\"be.disabled\");\n});",
              "err": {},
              "uuid": "0079543e-0e12-4d54-8288-7339a885afda",
              "parentUUID": "3e79b13f-3ae5-488d-bd14-7c246ffc1f34",
              "isHook": false,
              "skipped": false
            },
            {
              "title": "check boxes",
              "fullTitle": "Selector tests check boxes",
              "timedOut": null,
              "duration": 3550,
              "state": "passed",
              "speed": "slow",
              "pass": true,
              "fail": false,
              "pending": false,
              "context": null,
              "code": "cy.visit(\"/\");\ncy.contains(\"Modal & Overlays\").click();\ncy.contains(\"Toastr\").click();\ncy.get('[type=\"checkbox\"]').check({\n  force: true\n});\ncy.get('[type=\"checkbox\"]').eq(0).click({\n  force: true\n});\ncy.get('[type=\"checkbox').eq(1).check({\n  force: true\n});",
              "err": {},
              "uuid": "e6a962ef-f29d-4ec0-8642-ae0639b5c84f",
              "parentUUID": "3e79b13f-3ae5-488d-bd14-7c246ffc1f34",
              "isHook": false,
              "skipped": false
            },
            {
              "title": "list and dropdown",
              "fullTitle": "Selector tests list and dropdown",
              "timedOut": null,
              "duration": 3628,
              "state": "passed",
              "speed": "slow",
              "pass": true,
              "fail": false,
              "pending": false,
              "context": null,
              "code": "cy.visit(\"/\"); //1\n// cy.get(\"nav nb-select\").click();\n// cy.get(\".options-list\").contains(\"Dark\").click();\n// cy.get('nav nb-select').should('contain', 'Dark')\n// cy.get(\"nb-layout-header nav\").should(\n//   \"have.css\",\n//   \"background-color\",\n//   \"rgb(34, 43, 69)\"\n//2\ncy.get(\"nav nb-select\").then(dropdown => {\n  cy.wrap(dropdown).click();\n  cy.get(\".options-list nb-option\").each((listItem, index) => {\n    const itemText = listItem.text().trim();\n    const colors = {\n      Light: \"rgb(255, 255, 255)\",\n      Dark: \"rgb(34, 43, 69)\",\n      Cosmic: \"rgb(50, 50, 89)\",\n      Corporate: \"rgb(255, 255, 255)\"\n    };\n    cy.wrap(listItem).click();\n    cy.wrap(dropdown).should(\"contain\", itemText);\n    cy.get(\"nb-layout-header nav\").should(\"have.css\", \"background-color\", colors[itemText]); //cy.wrap(dropdown).click();\n    if (index < 3) {\n      cy.wrap(dropdown).click();\n    }\n  });\n});",
              "err": {},
              "uuid": "713af152-8c38-4d7e-a000-16a0a20b2a74",
              "parentUUID": "3e79b13f-3ae5-488d-bd14-7c246ffc1f34",
              "isHook": false,
              "skipped": false
            },
            {
              "title": "Web tables",
              "fullTitle": "Selector tests Web tables",
              "timedOut": null,
              "duration": 13054,
              "state": "passed",
              "speed": "slow",
              "pass": true,
              "fail": false,
              "pending": false,
              "context": null,
              "code": "cy.visit(\"/\");\ncy.contains(\"Tables & Data\").click();\ncy.contains(\"Smart Table\").click(); // 1\ncy.get(\"tbody\").contains(\"tr\", \"Larry\").then(tableRow => {\n  cy.wrap(tableRow).find(\".nb-edit\").click();\n  cy.wrap(tableRow).find('[placeholder=\"Age\"]').clear().type(\"25\");\n  cy.wrap(tableRow).find(\".nb-checkmark\").click();\n  cy.wrap(tableRow).find(\"td\").eq(6).should(\"contain\", \"25\");\n}); // 2\ncy.get(\"thead\").find(\".nb-plus\").click();\ncy.get(\"thead\").find(\"tr\").eq(2).then(tableRow => {\n  cy.wrap(tableRow).find('[placeholder=\"First Name\"]').type(\"Mohammad\");\n  cy.wrap(tableRow).find('[placeholder=\"Last Name\"]').type(\"Rahman\");\n  cy.wrap(tableRow).find(\".nb-checkmark\").click();\n});\ncy.get(\"tbody tr\").first().find(\"td\").then(tableColums => {\n  cy.wrap(tableColums).eq(2).should(\"contain\", \"Mohammad\");\n  cy.wrap(tableColums).eq(3).should(\"contain\", \"Rahman\");\n}); // 3\n// cy.get('input[placeholder=\"Age\"]').type(\"20\");\nconst age = [20, 30, 40, 200];\ncy.wrap(age).each(age => {\n  cy.get('thead [placeholder=\"Age\"]').clear().type(age);\n  cy.wait(500);\n  cy.get(\"tbody tr\").each(tableRow => {\n    if (age == 200) {\n      cy.wrap(tableRow).should(\"contain\", \"No data found\");\n    } else {\n      cy.wrap(tableRow).find(\"td\").eq(6).should(\"contain\", age);\n    }\n  });\n});",
              "err": {},
              "uuid": "a7ad3ff3-5e08-4a26-b370-d6c713a21f59",
              "parentUUID": "3e79b13f-3ae5-488d-bd14-7c246ffc1f34",
              "isHook": false,
              "skipped": false
            }
          ],
          "suites": [],
          "passes": [
            "c5ba461b-1b1b-45e1-9dfd-1edca00bb263",
            "edd3810a-3b12-499b-ae89-3e36a6402060",
            "b21e8750-47c6-4d94-a4d3-c75b134b2930",
            "22ec53a8-1011-419f-82ab-f148beaf64c6",
            "aea2bb9f-d495-4646-afcb-45b5f890c6f2",
            "0079543e-0e12-4d54-8288-7339a885afda",
            "e6a962ef-f29d-4ec0-8642-ae0639b5c84f",
            "713af152-8c38-4d7e-a000-16a0a20b2a74",
            "a7ad3ff3-5e08-4a26-b370-d6c713a21f59"
          ],
          "failures": [],
          "pending": [],
          "skipped": [],
          "duration": 41471,
          "root": false,
          "rootEmpty": false,
          "_timeout": 2000
        }
      ],
      "passes": [
        "c467ca53-bbb7-4dce-b0d0-a2b0e68b7142",
        "8db717d5-e862-46ec-982f-09a91b5ee7c6"
      ],
      "failures": [],
      "pending": [],
      "skipped": [],
      "duration": 10572,
      "root": true,
      "rootEmpty": false,
      "_timeout": 2000
    }
  ],
  "meta": {
    "mocha": {
      "version": "7.0.1"
    },
    "mochawesome": {
      "options": {
        "quiet": false,
        "reportFilename": "mochawesome",
        "saveHtml": false,
        "saveJson": true,
        "consoleReporter": "spec",
        "useInlineDiffs": false,
        "code": true
      },
      "version": "6.2.2"
    },
    "marge": {
      "options": {
        "id": "default",
        "reportDir": "cypress/results/mochawesome",
        "overwrite": false,
        "html": false,
        "json": true
      },
      "version": "5.2.0"
    }
  }
}