<?xml version="1.0" encoding="UTF-8"?>
<testsuites name="Mocha Tests" time="0.0000" tests="11" failures="11">
  <testsuite name="Root Suite" timestamp="2022-02-03T03:24:03" tests="2" file="cypress/integration/first-test.spec.js" time="0.0000" failures="2">
    <testcase name="tooltip" time="0.0000" classname="tooltip">
      <failure message="`cy.visit()` failed trying to load:

http://localhost:4200/

We attempted to make an http request to this URL but the request failed without a response.

We received this error at the network level:

  &gt; Error: connect ECONNREFUSED 127.0.0.1:4200

Common situations why this would fail:
  - you don&apos;t have internet access
  - you forgot to run / boot your web server
  - your web server isn&apos;t accessible
  - you have weird network configuration settings on your computer" type="CypressError"><![CDATA[CypressError: `cy.visit()` failed trying to load:

http://localhost:4200/

We attempted to make an http request to this URL but the request failed without a response.

We received this error at the network level:

  > Error: connect ECONNREFUSED 127.0.0.1:4200

Common situations why this would fail:
  - you don't have internet access
  - you forgot to run / boot your web server
  - your web server isn't accessible
  - you have weird network configuration settings on your computer
    at http://localhost:4200/__cypress/runner/cypress_runner.js:158279:82
    at visitFailedByErr (http://localhost:4200/__cypress/runner/cypress_runner.js:157632:12)
    at http://localhost:4200/__cypress/runner/cypress_runner.js:158278:11
    at tryCatcher (http://localhost:4200/__cypress/runner/cypress_runner.js:13196:23)
    at Promise._settlePromiseFromHandler (http://localhost:4200/__cypress/runner/cypress_runner.js:11131:31)
    at Promise._settlePromise (http://localhost:4200/__cypress/runner/cypress_runner.js:11188:18)
    at Promise._settlePromise0 (http://localhost:4200/__cypress/runner/cypress_runner.js:11233:10)
    at Promise._settlePromises (http://localhost:4200/__cypress/runner/cypress_runner.js:11309:18)
    at _drainQueueStep (http://localhost:4200/__cypress/runner/cypress_runner.js:7903:12)
    at _drainQueue (http://localhost:4200/__cypress/runner/cypress_runner.js:7896:9)
    at Async.../../node_modules/bluebird/js/release/async.js.Async._drainQueues (http://localhost:4200/__cypress/runner/cypress_runner.js:7912:5)
    at Async.drainQueues (http://localhost:4200/__cypress/runner/cypress_runner.js:7782:14)
From Your Spec Code:
    at Context.eval (http://localhost:4200/__cypress/tests?p=cypress/integration/first-test.spec.js:319:6)

From Node.js Internals:
  Error: connect ECONNREFUSED 127.0.0.1:4200
      at TCPConnectWrap.afterConnect [as oncomplete] (node:net:1142:16)
  ]]></failure>
    </testcase>
    <testcase name="Alert" time="0.0000" classname="Alert">
      <failure message="`cy.visit()` failed trying to load:

http://localhost:4200/

We attempted to make an http request to this URL but the request failed without a response.

We received this error at the network level:

  &gt; Error: connect ECONNREFUSED 127.0.0.1:4200

Common situations why this would fail:
  - you don&apos;t have internet access
  - you forgot to run / boot your web server
  - your web server isn&apos;t accessible
  - you have weird network configuration settings on your computer" type="CypressError"><![CDATA[CypressError: `cy.visit()` failed trying to load:

http://localhost:4200/

We attempted to make an http request to this URL but the request failed without a response.

We received this error at the network level:

  > Error: connect ECONNREFUSED 127.0.0.1:4200

Common situations why this would fail:
  - you don't have internet access
  - you forgot to run / boot your web server
  - your web server isn't accessible
  - you have weird network configuration settings on your computer
    at http://localhost:4200/__cypress/runner/cypress_runner.js:158279:82
    at visitFailedByErr (http://localhost:4200/__cypress/runner/cypress_runner.js:157632:12)
    at http://localhost:4200/__cypress/runner/cypress_runner.js:158278:11
    at tryCatcher (http://localhost:4200/__cypress/runner/cypress_runner.js:13196:23)
    at Promise._settlePromiseFromHandler (http://localhost:4200/__cypress/runner/cypress_runner.js:11131:31)
    at Promise._settlePromise (http://localhost:4200/__cypress/runner/cypress_runner.js:11188:18)
    at Promise._settlePromise0 (http://localhost:4200/__cypress/runner/cypress_runner.js:11233:10)
    at Promise._settlePromises (http://localhost:4200/__cypress/runner/cypress_runner.js:11309:18)
    at _drainQueueStep (http://localhost:4200/__cypress/runner/cypress_runner.js:7903:12)
    at _drainQueue (http://localhost:4200/__cypress/runner/cypress_runner.js:7896:9)
    at Async.../../node_modules/bluebird/js/release/async.js.Async._drainQueues (http://localhost:4200/__cypress/runner/cypress_runner.js:7912:5)
    at Async.drainQueues (http://localhost:4200/__cypress/runner/cypress_runner.js:7782:14)
From Your Spec Code:
    at Context.eval (http://localhost:4200/__cypress/tests?p=cypress/integration/first-test.spec.js:326:6)

From Node.js Internals:
  Error: connect ECONNREFUSED 127.0.0.1:4200
      at TCPConnectWrap.afterConnect [as oncomplete] (node:net:1142:16)
  ]]></failure>
    </testcase>
  </testsuite>
  <testsuite name="Selector tests" timestamp="2022-02-03T03:24:04" tests="9" time="0.0000" failures="9">
    <testcase name="Selector tests Selector selection" time="0.0000" classname="Selector selection">
      <failure message="`cy.visit()` failed trying to load:

http://localhost:4200/

We attempted to make an http request to this URL but the request failed without a response.

We received this error at the network level:

  &gt; Error: connect ECONNREFUSED 127.0.0.1:4200

Common situations why this would fail:
  - you don&apos;t have internet access
  - you forgot to run / boot your web server
  - your web server isn&apos;t accessible
  - you have weird network configuration settings on your computer" type="CypressError"><![CDATA[CypressError: `cy.visit()` failed trying to load:

http://localhost:4200/

We attempted to make an http request to this URL but the request failed without a response.

We received this error at the network level:

  > Error: connect ECONNREFUSED 127.0.0.1:4200

Common situations why this would fail:
  - you don't have internet access
  - you forgot to run / boot your web server
  - your web server isn't accessible
  - you have weird network configuration settings on your computer
    at http://localhost:4200/__cypress/runner/cypress_runner.js:158279:82
    at visitFailedByErr (http://localhost:4200/__cypress/runner/cypress_runner.js:157632:12)
    at http://localhost:4200/__cypress/runner/cypress_runner.js:158278:11
    at tryCatcher (http://localhost:4200/__cypress/runner/cypress_runner.js:13196:23)
    at Promise._settlePromiseFromHandler (http://localhost:4200/__cypress/runner/cypress_runner.js:11131:31)
    at Promise._settlePromise (http://localhost:4200/__cypress/runner/cypress_runner.js:11188:18)
    at Promise._settlePromise0 (http://localhost:4200/__cypress/runner/cypress_runner.js:11233:10)
    at Promise._settlePromises (http://localhost:4200/__cypress/runner/cypress_runner.js:11309:18)
    at _drainQueueStep (http://localhost:4200/__cypress/runner/cypress_runner.js:7903:12)
    at _drainQueue (http://localhost:4200/__cypress/runner/cypress_runner.js:7896:9)
    at Async.../../node_modules/bluebird/js/release/async.js.Async._drainQueues (http://localhost:4200/__cypress/runner/cypress_runner.js:7912:5)
    at Async.drainQueues (http://localhost:4200/__cypress/runner/cypress_runner.js:7782:14)
From Your Spec Code:
    at Context.eval (http://localhost:4200/__cypress/tests?p=cypress/integration/first-test.spec.js:102:8)

From Node.js Internals:
  Error: connect ECONNREFUSED 127.0.0.1:4200
      at TCPConnectWrap.afterConnect [as oncomplete] (node:net:1142:16)
  ]]></failure>
    </testcase>
    <testcase name="Selector tests second test" time="0.0000" classname="second test">
      <failure message="`cy.visit()` failed trying to load:

http://localhost:4200/

We attempted to make an http request to this URL but the request failed without a response.

We received this error at the network level:

  &gt; Error: connect ECONNREFUSED 127.0.0.1:4200

Common situations why this would fail:
  - you don&apos;t have internet access
  - you forgot to run / boot your web server
  - your web server isn&apos;t accessible
  - you have weird network configuration settings on your computer" type="CypressError"><![CDATA[CypressError: `cy.visit()` failed trying to load:

http://localhost:4200/

We attempted to make an http request to this URL but the request failed without a response.

We received this error at the network level:

  > Error: connect ECONNREFUSED 127.0.0.1:4200

Common situations why this would fail:
  - you don't have internet access
  - you forgot to run / boot your web server
  - your web server isn't accessible
  - you have weird network configuration settings on your computer
    at http://localhost:4200/__cypress/runner/cypress_runner.js:158279:82
    at visitFailedByErr (http://localhost:4200/__cypress/runner/cypress_runner.js:157632:12)
    at http://localhost:4200/__cypress/runner/cypress_runner.js:158278:11
    at tryCatcher (http://localhost:4200/__cypress/runner/cypress_runner.js:13196:23)
    at Promise._settlePromiseFromHandler (http://localhost:4200/__cypress/runner/cypress_runner.js:11131:31)
    at Promise._settlePromise (http://localhost:4200/__cypress/runner/cypress_runner.js:11188:18)
    at Promise._settlePromise0 (http://localhost:4200/__cypress/runner/cypress_runner.js:11233:10)
    at Promise._settlePromises (http://localhost:4200/__cypress/runner/cypress_runner.js:11309:18)
    at _drainQueueStep (http://localhost:4200/__cypress/runner/cypress_runner.js:7903:12)
    at _drainQueue (http://localhost:4200/__cypress/runner/cypress_runner.js:7896:9)
    at Async.../../node_modules/bluebird/js/release/async.js.Async._drainQueues (http://localhost:4200/__cypress/runner/cypress_runner.js:7912:5)
    at Async.drainQueues (http://localhost:4200/__cypress/runner/cypress_runner.js:7782:14)
From Your Spec Code:
    at Context.eval (http://localhost:4200/__cypress/tests?p=cypress/integration/first-test.spec.js:126:8)

From Node.js Internals:
  Error: connect ECONNREFUSED 127.0.0.1:4200
      at TCPConnectWrap.afterConnect [as oncomplete] (node:net:1142:16)
  ]]></failure>
    </testcase>
    <testcase name="Selector tests then and wrap methods" time="0.0000" classname="then and wrap methods">
      <failure message="`cy.visit()` failed trying to load:

http://localhost:4200/

We attempted to make an http request to this URL but the request failed without a response.

We received this error at the network level:

  &gt; Error: connect ECONNREFUSED 127.0.0.1:4200

Common situations why this would fail:
  - you don&apos;t have internet access
  - you forgot to run / boot your web server
  - your web server isn&apos;t accessible
  - you have weird network configuration settings on your computer" type="CypressError"><![CDATA[CypressError: `cy.visit()` failed trying to load:

http://localhost:4200/

We attempted to make an http request to this URL but the request failed without a response.

We received this error at the network level:

  > Error: connect ECONNREFUSED 127.0.0.1:4200

Common situations why this would fail:
  - you don't have internet access
  - you forgot to run / boot your web server
  - your web server isn't accessible
  - you have weird network configuration settings on your computer
    at http://localhost:4200/__cypress/runner/cypress_runner.js:158279:82
    at visitFailedByErr (http://localhost:4200/__cypress/runner/cypress_runner.js:157632:12)
    at http://localhost:4200/__cypress/runner/cypress_runner.js:158278:11
    at tryCatcher (http://localhost:4200/__cypress/runner/cypress_runner.js:13196:23)
    at Promise._settlePromiseFromHandler (http://localhost:4200/__cypress/runner/cypress_runner.js:11131:31)
    at Promise._settlePromise (http://localhost:4200/__cypress/runner/cypress_runner.js:11188:18)
    at Promise._settlePromise0 (http://localhost:4200/__cypress/runner/cypress_runner.js:11233:10)
    at Promise._settlePromises (http://localhost:4200/__cypress/runner/cypress_runner.js:11309:18)
    at _drainQueueStep (http://localhost:4200/__cypress/runner/cypress_runner.js:7903:12)
    at _drainQueue (http://localhost:4200/__cypress/runner/cypress_runner.js:7896:9)
    at Async.../../node_modules/bluebird/js/release/async.js.Async._drainQueues (http://localhost:4200/__cypress/runner/cypress_runner.js:7912:5)
    at Async.drainQueues (http://localhost:4200/__cypress/runner/cypress_runner.js:7782:14)
From Your Spec Code:
    at Context.eval (http://localhost:4200/__cypress/tests?p=cypress/integration/first-test.spec.js:136:8)

From Node.js Internals:
  Error: connect ECONNREFUSED 127.0.0.1:4200
      at TCPConnectWrap.afterConnect [as oncomplete] (node:net:1142:16)
  ]]></failure>
    </testcase>
    <testcase name="Selector tests Invoke command" time="0.0000" classname="Invoke command">
      <failure message="`cy.visit()` failed trying to load:

http://localhost:4200/

We attempted to make an http request to this URL but the request failed without a response.

We received this error at the network level:

  &gt; Error: connect ECONNREFUSED 127.0.0.1:4200

Common situations why this would fail:
  - you don&apos;t have internet access
  - you forgot to run / boot your web server
  - your web server isn&apos;t accessible
  - you have weird network configuration settings on your computer" type="CypressError"><![CDATA[CypressError: `cy.visit()` failed trying to load:

http://localhost:4200/

We attempted to make an http request to this URL but the request failed without a response.

We received this error at the network level:

  > Error: connect ECONNREFUSED 127.0.0.1:4200

Common situations why this would fail:
  - you don't have internet access
  - you forgot to run / boot your web server
  - your web server isn't accessible
  - you have weird network configuration settings on your computer
    at http://localhost:4200/__cypress/runner/cypress_runner.js:158279:82
    at visitFailedByErr (http://localhost:4200/__cypress/runner/cypress_runner.js:157632:12)
    at http://localhost:4200/__cypress/runner/cypress_runner.js:158278:11
    at tryCatcher (http://localhost:4200/__cypress/runner/cypress_runner.js:13196:23)
    at Promise._settlePromiseFromHandler (http://localhost:4200/__cypress/runner/cypress_runner.js:11131:31)
    at Promise._settlePromise (http://localhost:4200/__cypress/runner/cypress_runner.js:11188:18)
    at Promise._settlePromise0 (http://localhost:4200/__cypress/runner/cypress_runner.js:11233:10)
    at Promise._settlePromises (http://localhost:4200/__cypress/runner/cypress_runner.js:11309:18)
    at _drainQueueStep (http://localhost:4200/__cypress/runner/cypress_runner.js:7903:12)
    at _drainQueue (http://localhost:4200/__cypress/runner/cypress_runner.js:7896:9)
    at Async.../../node_modules/bluebird/js/release/async.js.Async._drainQueues (http://localhost:4200/__cypress/runner/cypress_runner.js:7912:5)
    at Async.drainQueues (http://localhost:4200/__cypress/runner/cypress_runner.js:7782:14)
From Your Spec Code:
    at Context.eval (http://localhost:4200/__cypress/tests?p=cypress/integration/first-test.spec.js:175:8)

From Node.js Internals:
  Error: connect ECONNREFUSED 127.0.0.1:4200
      at TCPConnectWrap.afterConnect [as oncomplete] (node:net:1142:16)
  ]]></failure>
    </testcase>
    <testcase name="Selector tests assert property" time="0.0000" classname="assert property">
      <failure message="`cy.visit()` failed trying to load:

http://localhost:4200/

We attempted to make an http request to this URL but the request failed without a response.

We received this error at the network level:

  &gt; Error: connect ECONNREFUSED 127.0.0.1:4200

Common situations why this would fail:
  - you don&apos;t have internet access
  - you forgot to run / boot your web server
  - your web server isn&apos;t accessible
  - you have weird network configuration settings on your computer" type="CypressError"><![CDATA[CypressError: `cy.visit()` failed trying to load:

http://localhost:4200/

We attempted to make an http request to this URL but the request failed without a response.

We received this error at the network level:

  > Error: connect ECONNREFUSED 127.0.0.1:4200

Common situations why this would fail:
  - you don't have internet access
  - you forgot to run / boot your web server
  - your web server isn't accessible
  - you have weird network configuration settings on your computer
    at http://localhost:4200/__cypress/runner/cypress_runner.js:158279:82
    at visitFailedByErr (http://localhost:4200/__cypress/runner/cypress_runner.js:157632:12)
    at http://localhost:4200/__cypress/runner/cypress_runner.js:158278:11
    at tryCatcher (http://localhost:4200/__cypress/runner/cypress_runner.js:13196:23)
    at Promise._settlePromiseFromHandler (http://localhost:4200/__cypress/runner/cypress_runner.js:11131:31)
    at Promise._settlePromise (http://localhost:4200/__cypress/runner/cypress_runner.js:11188:18)
    at Promise._settlePromise0 (http://localhost:4200/__cypress/runner/cypress_runner.js:11233:10)
    at Promise._settlePromises (http://localhost:4200/__cypress/runner/cypress_runner.js:11309:18)
    at _drainQueueStep (http://localhost:4200/__cypress/runner/cypress_runner.js:7903:12)
    at _drainQueue (http://localhost:4200/__cypress/runner/cypress_runner.js:7896:9)
    at Async.../../node_modules/bluebird/js/release/async.js.Async._drainQueues (http://localhost:4200/__cypress/runner/cypress_runner.js:7912:5)
    at Async.drainQueues (http://localhost:4200/__cypress/runner/cypress_runner.js:7782:14)
From Your Spec Code:
    at Context.eval (http://localhost:4200/__cypress/tests?p=cypress/integration/first-test.spec.js:196:8)

From Node.js Internals:
  Error: connect ECONNREFUSED 127.0.0.1:4200
      at TCPConnectWrap.afterConnect [as oncomplete] (node:net:1142:16)
  ]]></failure>
    </testcase>
    <testcase name="Selector tests radio button" time="0.0000" classname="radio button">
      <failure message="`cy.visit()` failed trying to load:

http://localhost:4200/

We attempted to make an http request to this URL but the request failed without a response.

We received this error at the network level:

  &gt; Error: connect ECONNREFUSED 127.0.0.1:4200

Common situations why this would fail:
  - you don&apos;t have internet access
  - you forgot to run / boot your web server
  - your web server isn&apos;t accessible
  - you have weird network configuration settings on your computer" type="CypressError"><![CDATA[CypressError: `cy.visit()` failed trying to load:

http://localhost:4200/

We attempted to make an http request to this URL but the request failed without a response.

We received this error at the network level:

  > Error: connect ECONNREFUSED 127.0.0.1:4200

Common situations why this would fail:
  - you don't have internet access
  - you forgot to run / boot your web server
  - your web server isn't accessible
  - you have weird network configuration settings on your computer
    at http://localhost:4200/__cypress/runner/cypress_runner.js:158279:82
    at visitFailedByErr (http://localhost:4200/__cypress/runner/cypress_runner.js:157632:12)
    at http://localhost:4200/__cypress/runner/cypress_runner.js:158278:11
    at tryCatcher (http://localhost:4200/__cypress/runner/cypress_runner.js:13196:23)
    at Promise._settlePromiseFromHandler (http://localhost:4200/__cypress/runner/cypress_runner.js:11131:31)
    at Promise._settlePromise (http://localhost:4200/__cypress/runner/cypress_runner.js:11188:18)
    at Promise._settlePromise0 (http://localhost:4200/__cypress/runner/cypress_runner.js:11233:10)
    at Promise._settlePromises (http://localhost:4200/__cypress/runner/cypress_runner.js:11309:18)
    at _drainQueueStep (http://localhost:4200/__cypress/runner/cypress_runner.js:7903:12)
    at _drainQueue (http://localhost:4200/__cypress/runner/cypress_runner.js:7896:9)
    at Async.../../node_modules/bluebird/js/release/async.js.Async._drainQueues (http://localhost:4200/__cypress/runner/cypress_runner.js:7912:5)
    at Async.drainQueues (http://localhost:4200/__cypress/runner/cypress_runner.js:7782:14)
From Your Spec Code:
    at Context.eval (http://localhost:4200/__cypress/tests?p=cypress/integration/first-test.spec.js:221:8)

From Node.js Internals:
  Error: connect ECONNREFUSED 127.0.0.1:4200
      at TCPConnectWrap.afterConnect [as oncomplete] (node:net:1142:16)
  ]]></failure>
    </testcase>
    <testcase name="Selector tests check boxes" time="0.0000" classname="check boxes">
      <failure message="`cy.visit()` failed trying to load:

http://localhost:4200/

We attempted to make an http request to this URL but the request failed without a response.

We received this error at the network level:

  &gt; Error: connect ECONNREFUSED 127.0.0.1:4200

Common situations why this would fail:
  - you don&apos;t have internet access
  - you forgot to run / boot your web server
  - your web server isn&apos;t accessible
  - you have weird network configuration settings on your computer" type="CypressError"><![CDATA[CypressError: `cy.visit()` failed trying to load:

http://localhost:4200/

We attempted to make an http request to this URL but the request failed without a response.

We received this error at the network level:

  > Error: connect ECONNREFUSED 127.0.0.1:4200

Common situations why this would fail:
  - you don't have internet access
  - you forgot to run / boot your web server
  - your web server isn't accessible
  - you have weird network configuration settings on your computer
    at http://localhost:4200/__cypress/runner/cypress_runner.js:158279:82
    at visitFailedByErr (http://localhost:4200/__cypress/runner/cypress_runner.js:157632:12)
    at http://localhost:4200/__cypress/runner/cypress_runner.js:158278:11
    at tryCatcher (http://localhost:4200/__cypress/runner/cypress_runner.js:13196:23)
    at Promise._settlePromiseFromHandler (http://localhost:4200/__cypress/runner/cypress_runner.js:11131:31)
    at Promise._settlePromise (http://localhost:4200/__cypress/runner/cypress_runner.js:11188:18)
    at Promise._settlePromise0 (http://localhost:4200/__cypress/runner/cypress_runner.js:11233:10)
    at Promise._settlePromises (http://localhost:4200/__cypress/runner/cypress_runner.js:11309:18)
    at _drainQueueStep (http://localhost:4200/__cypress/runner/cypress_runner.js:7903:12)
    at _drainQueue (http://localhost:4200/__cypress/runner/cypress_runner.js:7896:9)
    at Async.../../node_modules/bluebird/js/release/async.js.Async._drainQueues (http://localhost:4200/__cypress/runner/cypress_runner.js:7912:5)
    at Async.drainQueues (http://localhost:4200/__cypress/runner/cypress_runner.js:7782:14)
From Your Spec Code:
    at Context.eval (http://localhost:4200/__cypress/tests?p=cypress/integration/first-test.spec.js:236:8)

From Node.js Internals:
  Error: connect ECONNREFUSED 127.0.0.1:4200
      at TCPConnectWrap.afterConnect [as oncomplete] (node:net:1142:16)
  ]]></failure>
    </testcase>
    <testcase name="Selector tests list and dropdown" time="0.0000" classname="list and dropdown">
      <failure message="`cy.visit()` failed trying to load:

http://localhost:4200/

We attempted to make an http request to this URL but the request failed without a response.

We received this error at the network level:

  &gt; Error: connect ECONNREFUSED 127.0.0.1:4200

Common situations why this would fail:
  - you don&apos;t have internet access
  - you forgot to run / boot your web server
  - your web server isn&apos;t accessible
  - you have weird network configuration settings on your computer" type="CypressError"><![CDATA[CypressError: `cy.visit()` failed trying to load:

http://localhost:4200/

We attempted to make an http request to this URL but the request failed without a response.

We received this error at the network level:

  > Error: connect ECONNREFUSED 127.0.0.1:4200

Common situations why this would fail:
  - you don't have internet access
  - you forgot to run / boot your web server
  - your web server isn't accessible
  - you have weird network configuration settings on your computer
    at http://localhost:4200/__cypress/runner/cypress_runner.js:158279:82
    at visitFailedByErr (http://localhost:4200/__cypress/runner/cypress_runner.js:157632:12)
    at http://localhost:4200/__cypress/runner/cypress_runner.js:158278:11
    at tryCatcher (http://localhost:4200/__cypress/runner/cypress_runner.js:13196:23)
    at Promise._settlePromiseFromHandler (http://localhost:4200/__cypress/runner/cypress_runner.js:11131:31)
    at Promise._settlePromise (http://localhost:4200/__cypress/runner/cypress_runner.js:11188:18)
    at Promise._settlePromise0 (http://localhost:4200/__cypress/runner/cypress_runner.js:11233:10)
    at Promise._settlePromises (http://localhost:4200/__cypress/runner/cypress_runner.js:11309:18)
    at _drainQueueStep (http://localhost:4200/__cypress/runner/cypress_runner.js:7903:12)
    at _drainQueue (http://localhost:4200/__cypress/runner/cypress_runner.js:7896:9)
    at Async.../../node_modules/bluebird/js/release/async.js.Async._drainQueues (http://localhost:4200/__cypress/runner/cypress_runner.js:7912:5)
    at Async.drainQueues (http://localhost:4200/__cypress/runner/cypress_runner.js:7782:14)
From Your Spec Code:
    at Context.eval (http://localhost:4200/__cypress/tests?p=cypress/integration/first-test.spec.js:250:8)

From Node.js Internals:
  Error: connect ECONNREFUSED 127.0.0.1:4200
      at TCPConnectWrap.afterConnect [as oncomplete] (node:net:1142:16)
  ]]></failure>
    </testcase>
    <testcase name="Selector tests Web tables" time="0.0000" classname="Web tables">
      <failure message="`cy.visit()` failed trying to load:

http://localhost:4200/

We attempted to make an http request to this URL but the request failed without a response.

We received this error at the network level:

  &gt; Error: connect ECONNREFUSED 127.0.0.1:4200

Common situations why this would fail:
  - you don&apos;t have internet access
  - you forgot to run / boot your web server
  - your web server isn&apos;t accessible
  - you have weird network configuration settings on your computer" type="CypressError"><![CDATA[CypressError: `cy.visit()` failed trying to load:

http://localhost:4200/

We attempted to make an http request to this URL but the request failed without a response.

We received this error at the network level:

  > Error: connect ECONNREFUSED 127.0.0.1:4200

Common situations why this would fail:
  - you don't have internet access
  - you forgot to run / boot your web server
  - your web server isn't accessible
  - you have weird network configuration settings on your computer
    at http://localhost:4200/__cypress/runner/cypress_runner.js:158279:82
    at visitFailedByErr (http://localhost:4200/__cypress/runner/cypress_runner.js:157632:12)
    at http://localhost:4200/__cypress/runner/cypress_runner.js:158278:11
    at tryCatcher (http://localhost:4200/__cypress/runner/cypress_runner.js:13196:23)
    at Promise._settlePromiseFromHandler (http://localhost:4200/__cypress/runner/cypress_runner.js:11131:31)
    at Promise._settlePromise (http://localhost:4200/__cypress/runner/cypress_runner.js:11188:18)
    at Promise._settlePromise0 (http://localhost:4200/__cypress/runner/cypress_runner.js:11233:10)
    at Promise._settlePromises (http://localhost:4200/__cypress/runner/cypress_runner.js:11309:18)
    at _drainQueueStep (http://localhost:4200/__cypress/runner/cypress_runner.js:7903:12)
    at _drainQueue (http://localhost:4200/__cypress/runner/cypress_runner.js:7896:9)
    at Async.../../node_modules/bluebird/js/release/async.js.Async._drainQueues (http://localhost:4200/__cypress/runner/cypress_runner.js:7912:5)
    at Async.drainQueues (http://localhost:4200/__cypress/runner/cypress_runner.js:7782:14)
From Your Spec Code:
    at Context.eval (http://localhost:4200/__cypress/tests?p=cypress/integration/first-test.spec.js:281:8)

From Node.js Internals:
  Error: connect ECONNREFUSED 127.0.0.1:4200
      at TCPConnectWrap.afterConnect [as oncomplete] (node:net:1142:16)
  ]]></failure>
    </testcase>
  </testsuite>
</testsuites>